<?xml version="1.0" encoding="UTF-8"?>
<!-- Generated by org.testng.reporters.JUnitReportReporter -->
<testsuite hostname="LAPTOP-408BBOR0" failures="0" tests="4" name="com.fullyfilmy.Test.FullyFilmyTestclass" time="77.668" errors="0" timestamp="2023-12-24T16:43:37 IST" skipped="3">
  <testcase classname="com.fullyfilmy.Test.FullyFilmyTestclass" name="testAddToCartAndUpdate" time="77.668"/>
  <system-out/>
  <testcase classname="com.fullyfilmy.Test.FullyFilmyTestclass" name="testRegistration">
    <skipped/>
  </testcase> <!-- testRegistration -->
  <system-out/>
  <testcase classname="com.fullyfilmy.Test.FullyFilmyTestclass" name="testSearchAndWriteToExcel">
    <skipped/>
  </testcase> <!-- testSearchAndWriteToExcel -->
  <system-out/>
  <testcase classname="com.fullyfilmy.Test.FullyFilmyTestclass" name="testSignIn">
    <skipped/>
  </testcase> <!-- testSignIn -->
  <system-out/>
</testsuite> <!-- com.fullyfilmy.Test.FullyFilmyTestclass -->
